
Debug/introc:     file format elf32-littlearm


Disassembly of section .text:

20000000 <startup>:
 *
 */
__attribute__((naked)) __attribute__((section (".start_section")) )
void startup ( void )
{
__asm__ volatile(" LDR R0,=0x2001C000\n");		/* set stack */
20000000:	4802      	ldr	r0, [pc, #8]	; (2000000c <startup+0xc>)
__asm__ volatile(" MOV SP,R0\n");
20000002:	4685      	mov	sp, r0
__asm__ volatile(" BL main\n");					/* call main */
20000004:	f000 f804 	bl	20000010 <main>
__asm__ volatile(".L1: B .L1\n");				/* never return */
20000008:	e7fe      	b.n	20000008 <startup+0x8>
}
2000000a:	46c0      	nop			; (mov r8, r8)
2000000c:	2001c000 	andcs	ip, r1, r0

20000010 <main>:

void main(void) {
20000010:	b580      	push	{r7, lr}
20000012:	b082      	sub	sp, #8
20000014:	af00      	add	r7, sp, #0

  char a = 11;
20000016:	1dfb      	adds	r3, r7, #7
20000018:	220b      	movs	r2, #11
2000001a:	701a      	strb	r2, [r3, #0]

  char b = 7;
2000001c:	1dbb      	adds	r3, r7, #6
2000001e:	2207      	movs	r2, #7
20000020:	701a      	strb	r2, [r3, #0]

  char c = 238;
20000022:	1d7b      	adds	r3, r7, #5
20000024:	22ee      	movs	r2, #238	; 0xee
20000026:	701a      	strb	r2, [r3, #0]

  a = b - c;
20000028:	1dfb      	adds	r3, r7, #7
2000002a:	1db9      	adds	r1, r7, #6
2000002c:	1d7a      	adds	r2, r7, #5
2000002e:	7809      	ldrb	r1, [r1, #0]
20000030:	7812      	ldrb	r2, [r2, #0]
20000032:	1a8a      	subs	r2, r1, r2
20000034:	701a      	strb	r2, [r3, #0]

  c = b ^ a;
20000036:	1d7b      	adds	r3, r7, #5
20000038:	1db9      	adds	r1, r7, #6
2000003a:	1dfa      	adds	r2, r7, #7
2000003c:	7809      	ldrb	r1, [r1, #0]
2000003e:	7812      	ldrb	r2, [r2, #0]
20000040:	404a      	eors	r2, r1
20000042:	701a      	strb	r2, [r3, #0]

  a = c - b;
20000044:	1dfb      	adds	r3, r7, #7
20000046:	1d79      	adds	r1, r7, #5
20000048:	1dba      	adds	r2, r7, #6
2000004a:	7809      	ldrb	r1, [r1, #0]
2000004c:	7812      	ldrb	r2, [r2, #0]
2000004e:	1a8a      	subs	r2, r1, r2
20000050:	701a      	strb	r2, [r3, #0]

  c = b - a;
20000052:	1d7b      	adds	r3, r7, #5
20000054:	1db9      	adds	r1, r7, #6
20000056:	1dfa      	adds	r2, r7, #7
20000058:	7809      	ldrb	r1, [r1, #0]
2000005a:	7812      	ldrb	r2, [r2, #0]
2000005c:	1a8a      	subs	r2, r1, r2
2000005e:	701a      	strb	r2, [r3, #0]

  c = a - b;
20000060:	1d7b      	adds	r3, r7, #5
20000062:	1df9      	adds	r1, r7, #7
20000064:	1dba      	adds	r2, r7, #6
20000066:	7809      	ldrb	r1, [r1, #0]
20000068:	7812      	ldrb	r2, [r2, #0]
2000006a:	1a8a      	subs	r2, r1, r2
2000006c:	701a      	strb	r2, [r3, #0]

  b = a | c;
2000006e:	1dbb      	adds	r3, r7, #6
20000070:	1df9      	adds	r1, r7, #7
20000072:	1d7a      	adds	r2, r7, #5
20000074:	7809      	ldrb	r1, [r1, #0]
20000076:	7812      	ldrb	r2, [r2, #0]
20000078:	430a      	orrs	r2, r1
2000007a:	701a      	strb	r2, [r3, #0]

  b = a * c;
2000007c:	1dbb      	adds	r3, r7, #6
2000007e:	1dfa      	adds	r2, r7, #7
20000080:	1d79      	adds	r1, r7, #5
20000082:	7812      	ldrb	r2, [r2, #0]
20000084:	7809      	ldrb	r1, [r1, #0]
20000086:	434a      	muls	r2, r1
20000088:	701a      	strb	r2, [r3, #0]

  b = a + c;
2000008a:	1dbb      	adds	r3, r7, #6
2000008c:	1df9      	adds	r1, r7, #7
2000008e:	1d7a      	adds	r2, r7, #5
20000090:	7809      	ldrb	r1, [r1, #0]
20000092:	7812      	ldrb	r2, [r2, #0]
20000094:	188a      	adds	r2, r1, r2
20000096:	701a      	strb	r2, [r3, #0]

  a = b + c;
20000098:	1dfb      	adds	r3, r7, #7
2000009a:	1db9      	adds	r1, r7, #6
2000009c:	1d7a      	adds	r2, r7, #5
2000009e:	7809      	ldrb	r1, [r1, #0]
200000a0:	7812      	ldrb	r2, [r2, #0]
200000a2:	188a      	adds	r2, r1, r2
200000a4:	701a      	strb	r2, [r3, #0]

  a = c + b;
200000a6:	1dfb      	adds	r3, r7, #7
200000a8:	1d79      	adds	r1, r7, #5
200000aa:	1dba      	adds	r2, r7, #6
200000ac:	7809      	ldrb	r1, [r1, #0]
200000ae:	7812      	ldrb	r2, [r2, #0]
200000b0:	188a      	adds	r2, r1, r2
200000b2:	701a      	strb	r2, [r3, #0]

  a += b;
200000b4:	1dfb      	adds	r3, r7, #7
200000b6:	1df9      	adds	r1, r7, #7
200000b8:	1dba      	adds	r2, r7, #6
200000ba:	7809      	ldrb	r1, [r1, #0]
200000bc:	7812      	ldrb	r2, [r2, #0]
200000be:	188a      	adds	r2, r1, r2
200000c0:	701a      	strb	r2, [r3, #0]

  a += c;
200000c2:	1dfb      	adds	r3, r7, #7
200000c4:	1df9      	adds	r1, r7, #7
200000c6:	1d7a      	adds	r2, r7, #5
200000c8:	7809      	ldrb	r1, [r1, #0]
200000ca:	7812      	ldrb	r2, [r2, #0]
200000cc:	188a      	adds	r2, r1, r2
200000ce:	701a      	strb	r2, [r3, #0]

  char result = (char)(a & 0xFF);
200000d0:	1d3b      	adds	r3, r7, #4
200000d2:	1dfa      	adds	r2, r7, #7
200000d4:	7812      	ldrb	r2, [r2, #0]
200000d6:	701a      	strb	r2, [r3, #0]

}
200000d8:	46c0      	nop			; (mov r8, r8)
200000da:	46bd      	mov	sp, r7
200000dc:	b002      	add	sp, #8
200000de:	bd80      	pop	{r7, pc}

Disassembly of section .debug_info:

00000000 <.debug_info>:
   0:	00000088 	andeq	r0, r0, r8, lsl #1
   4:	00000004 	andeq	r0, r0, r4
   8:	01040000 	mrseq	r0, (UNDEF: 4)
   c:	00000000 	andeq	r0, r0, r0
  10:	00007c0c 	andeq	r7, r0, ip, lsl #24
  14:	0000c400 	andeq	ip, r0, r0, lsl #8
	...
  24:	01110200 	tsteq	r1, r0, lsl #4
  28:	0e010000 	cdpeq	0, 0, cr0, cr1, cr0, {0}
  2c:	00001006 	andeq	r1, r0, r6
  30:	0000d020 	andeq	sp, r0, r0, lsr #32
  34:	729c0100 	addsvc	r0, ip, #0
  38:	03000000 	movweq	r0, #0
  3c:	10010061 	andne	r0, r1, r1, rrx
  40:	00007208 	andeq	r7, r0, r8, lsl #4
  44:	77910200 	ldrvc	r0, [r1, r0, lsl #4]
  48:	01006203 	tsteq	r0, r3, lsl #4
  4c:	00720812 	rsbseq	r0, r2, r2, lsl r8
  50:	91020000 	mrsls	r0, (UNDEF: 2)
  54:	00630376 	rsbeq	r0, r3, r6, ror r3
  58:	72081401 	andvc	r1, r8, #16777216	; 0x1000000
  5c:	02000000 	andeq	r0, r0, #0, 0
  60:	02047591 	andeq	r7, r4, #608174080	; 0x24400000
  64:	01000001 	tsteq	r0, r1
  68:	0072082e 	rsbseq	r0, r2, lr, lsr #16
  6c:	91020000 	mrsls	r0, (UNDEF: 2)
  70:	01050074 	tsteq	r5, r4, ror r0
  74:	00011608 	andeq	r1, r1, r8, lsl #12
  78:	01090600 	tsteq	r9, r0, lsl #12
  7c:	06010000 	streq	r0, [r1], -r0
  80:	00000006 	andeq	r0, r0, r6
  84:	00000c20 	andeq	r0, r0, r0, lsr #24
  88:	009c0100 	addseq	r0, ip, r0, lsl #2

Disassembly of section .debug_abbrev:

00000000 <.debug_abbrev>:
   0:	25011101 	strcs	r1, [r1, #-257]	; 0xfffffeff
   4:	030b130e 	movweq	r1, #45838	; 0xb30e
   8:	550e1b0e 	strpl	r1, [lr, #-2830]	; 0xfffff4f2
   c:	10011117 	andne	r1, r1, r7, lsl r1
  10:	02000017 	andeq	r0, r0, #23, 0
  14:	193f012e 	ldmdbne	pc!, {r1, r2, r3, r5, r8}	; <UNPREDICTABLE>
  18:	0b3a0e03 	bleq	e8382c <startup-0x1f17c7d4>
  1c:	0b390b3b 	bleq	e42d10 <startup-0x1f1bd2f0>
  20:	01111927 	tsteq	r1, r7, lsr #18
  24:	18400612 	stmdane	r0, {r1, r4, r9, sl}^
  28:	01194297 			; <UNDEFINED> instruction: 0x01194297
  2c:	03000013 	movweq	r0, #19
  30:	08030034 	stmdaeq	r3, {r2, r4, r5}
  34:	0b3b0b3a 	bleq	ec2d24 <startup-0x1f13d2dc>
  38:	13490b39 	movtne	r0, #39737	; 0x9b39
  3c:	00001802 	andeq	r1, r0, r2, lsl #16
  40:	03003404 	movweq	r3, #1028	; 0x404
  44:	3b0b3a0e 	blcc	2ce884 <startup-0x1fd3177c>
  48:	490b390b 	stmdbmi	fp, {r0, r1, r3, r8, fp, ip, sp}
  4c:	00180213 	andseq	r0, r8, r3, lsl r2
  50:	00240500 	eoreq	r0, r4, r0, lsl #10
  54:	0b3e0b0b 	bleq	f82c88 <startup-0x1f07d378>
  58:	00000e03 	andeq	r0, r0, r3, lsl #28
  5c:	3f002e06 	svccc	0x00002e06
  60:	3a0e0319 	bcc	380ccc <startup-0x1fc7f334>
  64:	390b3b0b 	stmdbcc	fp, {r0, r1, r3, r8, r9, fp, ip, sp}
  68:	1119270b 	tstne	r9, fp, lsl #14
  6c:	40061201 	andmi	r1, r6, r1, lsl #4
  70:	19429718 	stmdbne	r2, {r3, r4, r8, r9, sl, ip, pc}^
  74:	Address 0x0000000000000074 is out of bounds.


Disassembly of section .debug_aranges:

00000000 <.debug_aranges>:
   0:	00000024 	andeq	r0, r0, r4, lsr #32
   4:	00000002 	andeq	r0, r0, r2
   8:	00040000 	andeq	r0, r4, r0
   c:	00000000 	andeq	r0, r0, r0
  10:	20000010 	andcs	r0, r0, r0, lsl r0
  14:	000000d0 	ldrdeq	r0, [r0], -r0	; <UNPREDICTABLE>
  18:	20000000 	andcs	r0, r0, r0
  1c:	0000000c 	andeq	r0, r0, ip
	...

Disassembly of section .debug_ranges:

00000000 <.debug_ranges>:
   0:	20000010 	andcs	r0, r0, r0, lsl r0
   4:	200000e0 	andcs	r0, r0, r0, ror #1
   8:	20000000 	andcs	r0, r0, r0
   c:	2000000c 	andcs	r0, r0, ip
	...

Disassembly of section .debug_line:

00000000 <.debug_line>:
   0:	000000a2 	andeq	r0, r0, r2, lsr #1
   4:	005e0003 	subseq	r0, lr, r3
   8:	01020000 	mrseq	r0, (UNDEF: 2)
   c:	000d0efb 	strdeq	r0, [sp], -fp
  10:	01010101 	tsteq	r1, r1, lsl #2
  14:	01000000 	mrseq	r0, (UNDEF: 0)
  18:	2f010000 	svccs	0x00010000
  1c:	72657355 	rsbvc	r7, r5, #1409286145	; 0x54000001
  20:	65642f73 	strbvs	r2, [r4, #-3955]!	; 0xfffff08d
  24:	73696e6e 	cmnvc	r9, #1760	; 0x6e0
  28:	69726863 	ldmdbvs	r2!, {r0, r1, r5, r6, fp, sp, lr}^
  2c:	6e657473 	mcrvs	4, 3, r7, cr5, cr3, {3}
  30:	2f6e6573 	svccs	0x006e6573
  34:	75636f44 	strbvc	r6, [r3, #-3908]!	; 0xfffff0bc
  38:	746e656d 	strbtvc	r6, [lr], #-1389	; 0xfffffa93
  3c:	68632f73 	stmdavs	r3!, {r0, r1, r4, r5, r6, r8, r9, sl, fp, sp}^
  40:	656d6c61 	strbvs	r6, [sp, #-3169]!	; 0xfffff39f
  44:	6d2f7372 	stcvs	3, cr7, [pc, #-456]!	; fffffe84 <main+0xdffffe74>
  48:	632f706f 			; <UNDEFINED> instruction: 0x632f706f
  4c:	6f72705f 	svcvs	0x0072705f
  50:	6e692f67 	cdpvs	15, 6, cr2, cr9, cr7, {3}
  54:	636f7274 	cmnvs	pc, #116, 4	; 0x40000007
  58:	74730000 	ldrbtvc	r0, [r3], #-0
  5c:	75747261 	ldrbvc	r7, [r4, #-609]!	; 0xfffffd9f
  60:	00632e70 	rsbeq	r2, r3, r0, ror lr
  64:	00000001 	andeq	r0, r0, r1
  68:	05000105 	streq	r0, [r0, #-261]	; 0xfffffefb
  6c:	00000002 	andeq	r0, r0, r2
  70:	21131820 	tstcs	r3, r0, lsr #16
  74:	02212f21 	eoreq	r2, r1, #132	; 0x84
  78:	01010003 	tsteq	r1, r3
  7c:	05001105 	streq	r1, [r0, #-261]	; 0xfffffefb
  80:	00001002 	andeq	r1, r0, r2
  84:	010d0320 	tsteq	sp, r0, lsr #6
  88:	3e3e0805 	cdpcc	8, 3, cr0, cr14, cr5, {0}
  8c:	3e05053e 	mcrcc	5, 0, r0, cr5, cr14, {1}
  90:	76767676 			; <UNDEFINED> instruction: 0x76767676
  94:	76767676 			; <UNDEFINED> instruction: 0x76767676
  98:	05767676 	ldrbeq	r7, [r6, #-1654]!	; 0xfffff98a
  9c:	01057608 	tsteq	r5, r8, lsl #12
  a0:	0004024c 	andeq	r0, r4, ip, asr #4
  a4:	Address 0x00000000000000a4 is out of bounds.


Disassembly of section .debug_str:

00000000 <.debug_str>:
   0:	20554e47 	subscs	r4, r5, r7, asr #28
   4:	20393943 	eorscs	r3, r9, r3, asr #18
   8:	2e322e39 	mrccs	14, 1, r2, cr2, cr9, {1}
   c:	30322031 	eorscc	r2, r2, r1, lsr r0
  10:	30313931 	eorscc	r3, r1, r1, lsr r9
  14:	28203532 	stmdacs	r0!, {r1, r4, r5, r8, sl, ip, sp}
  18:	656c6572 	strbvs	r6, [ip, #-1394]!	; 0xfffffa8e
  1c:	29657361 	stmdbcs	r5!, {r0, r5, r6, r8, r9, ip, sp, lr}^
  20:	52415b20 	subpl	r5, r1, #32, 22	; 0x8000
  24:	72612f4d 	rsbvc	r2, r1, #308	; 0x134
  28:	2d392d6d 	ldccs	13, cr2, [r9, #-436]!	; 0xfffffe4c
  2c:	6e617262 	cdpvs	2, 6, cr7, cr1, cr2, {3}
  30:	72206863 	eorvc	r6, r0, #6488064	; 0x630000
  34:	73697665 	cmnvc	r9, #105906176	; 0x6500000
  38:	206e6f69 	rsbcs	r6, lr, r9, ror #30
  3c:	35373732 	ldrcc	r3, [r7, #-1842]!	; 0xfffff8ce
  40:	205d3939 	subscs	r3, sp, r9, lsr r9
  44:	68746d2d 	ldmdavs	r4!, {r0, r2, r3, r5, r8, sl, fp, sp, lr}^
  48:	20626d75 	rsbcs	r6, r2, r5, ror sp
  4c:	6c666d2d 	stclvs	13, cr6, [r6], #-180	; 0xffffff4c
  50:	2d74616f 	ldfcse	f6, [r4, #-444]!	; 0xfffffe44
  54:	3d696261 	sfmcc	f6, 2, [r9, #-388]!	; 0xfffffe7c
  58:	74666f73 	strbtvc	r6, [r6], #-3955	; 0xfffff08d
  5c:	616d2d20 	cmnvs	sp, r0, lsr #26
  60:	3d686372 	stclcc	3, cr6, [r8, #-456]!	; 0xfffffe38
  64:	766d7261 	strbtvc	r7, [sp], -r1, ror #4
  68:	206d2d36 	rsbcs	r2, sp, r6, lsr sp
  6c:	2d20672d 	stccs	7, cr6, [r0, #-180]!	; 0xffffff4c
  70:	2d20304f 	stccs	0, cr3, [r0, #-316]!	; 0xfffffec4
  74:	3d647473 	cfstrdcc	mvd7, [r4, #-460]!	; 0xfffffe34
  78:	00393963 	eorseq	r3, r9, r3, ror #18
  7c:	6573552f 	ldrbvs	r5, [r3, #-1327]!	; 0xfffffad1
  80:	642f7372 	strtvs	r7, [pc], #-882	; 88 <startup-0x1fffff78>
  84:	696e6e65 	stmdbvs	lr!, {r0, r2, r5, r6, r9, sl, fp, sp, lr}^
  88:	72686373 	rsbvc	r6, r8, #-872415231	; 0xcc000001
  8c:	65747369 	ldrbvs	r7, [r4, #-873]!	; 0xfffffc97
  90:	6e65736e 	cdpvs	3, 6, cr7, cr5, cr14, {3}
  94:	636f442f 	cmnvs	pc, #788529152	; 0x2f000000
  98:	6e656d75 	mcrvs	13, 3, r6, cr5, cr5, {3}
  9c:	632f7374 			; <UNDEFINED> instruction: 0x632f7374
  a0:	6d6c6168 	stfvse	f6, [ip, #-416]!	; 0xfffffe60
  a4:	2f737265 	svccs	0x00737265
  a8:	2f706f6d 	svccs	0x00706f6d
  ac:	72705f63 	rsbsvc	r5, r0, #396	; 0x18c
  b0:	692f676f 	stmdbvs	pc!, {r0, r1, r2, r3, r5, r6, r8, r9, sl, sp, lr}	; <UNPREDICTABLE>
  b4:	6f72746e 	svcvs	0x0072746e
  b8:	74732f63 	ldrbtvc	r2, [r3], #-3939	; 0xfffff09d
  bc:	75747261 	ldrbvc	r7, [r4, #-609]!	; 0xfffffd9f
  c0:	00632e70 	rsbeq	r2, r3, r0, ror lr
  c4:	6573552f 	ldrbvs	r5, [r3, #-1327]!	; 0xfffffad1
  c8:	642f7372 	strtvs	r7, [pc], #-882	; d0 <startup-0x1fffff30>
  cc:	696e6e65 	stmdbvs	lr!, {r0, r2, r5, r6, r9, sl, fp, sp, lr}^
  d0:	72686373 	rsbvc	r6, r8, #-872415231	; 0xcc000001
  d4:	65747369 	ldrbvs	r7, [r4, #-873]!	; 0xfffffc97
  d8:	6e65736e 	cdpvs	3, 6, cr7, cr5, cr14, {3}
  dc:	636f442f 	cmnvs	pc, #788529152	; 0x2f000000
  e0:	6e656d75 	mcrvs	13, 3, r6, cr5, cr5, {3}
  e4:	632f7374 			; <UNDEFINED> instruction: 0x632f7374
  e8:	6d6c6168 	stfvse	f6, [ip, #-416]!	; 0xfffffe60
  ec:	2f737265 	svccs	0x00737265
  f0:	2f706f6d 	svccs	0x00706f6d
  f4:	72705f63 	rsbsvc	r5, r0, #396	; 0x18c
  f8:	692f676f 	stmdbvs	pc!, {r0, r1, r2, r3, r5, r6, r8, r9, sl, sp, lr}	; <UNPREDICTABLE>
  fc:	6f72746e 	svcvs	0x0072746e
 100:	65720063 	ldrbvs	r0, [r2, #-99]!	; 0xffffff9d
 104:	746c7573 	strbtvc	r7, [ip], #-1395	; 0xfffffa8d
 108:	61747300 	cmnvs	r4, r0, lsl #6
 10c:	70757472 	rsbsvc	r7, r5, r2, ror r4
 110:	69616d00 	stmdbvs	r1!, {r8, sl, fp, sp, lr}^
 114:	6863006e 	stmdavs	r3!, {r1, r2, r3, r5, r6}^
 118:	Address 0x0000000000000118 is out of bounds.


Disassembly of section .comment:

00000000 <.comment>:
   0:	3a434347 	bcc	10d0d24 <startup-0x1ef2f2dc>
   4:	4e472820 	cdpmi	8, 4, cr2, cr7, cr0, {1}
   8:	6f542055 	svcvs	0x00542055
   c:	20736c6f 	rsbscs	r6, r3, pc, ror #24
  10:	20726f66 	rsbscs	r6, r2, r6, ror #30
  14:	206d7241 	rsbcs	r7, sp, r1, asr #4
  18:	65626d45 	strbvs	r6, [r2, #-3397]!	; 0xfffff2bb
  1c:	64656464 	strbtvs	r6, [r5], #-1124	; 0xfffffb9c
  20:	6f725020 	svcvs	0x00725020
  24:	73736563 	cmnvc	r3, #415236096	; 0x18c00000
  28:	2073726f 	rsbscs	r7, r3, pc, ror #4
  2c:	30322d39 	eorscc	r2, r2, r9, lsr sp
  30:	712d3931 			; <UNDEFINED> instruction: 0x712d3931
  34:	616d2d34 	cmnvs	sp, r4, lsr sp
  38:	29726f6a 	ldmdbcs	r2!, {r1, r3, r5, r6, r8, r9, sl, fp, sp, lr}^
  3c:	322e3920 	eorcc	r3, lr, #32, 18	; 0x80000
  40:	3220312e 	eorcc	r3, r0, #-2147483637	; 0x8000000b
  44:	31393130 	teqcc	r9, r0, lsr r1
  48:	20353230 	eorscs	r3, r5, r0, lsr r2
  4c:	6c657228 	sfmvs	f7, 2, [r5], #-160	; 0xffffff60
  50:	65736165 	ldrbvs	r6, [r3, #-357]!	; 0xfffffe9b
  54:	415b2029 	cmpmi	fp, r9, lsr #32
  58:	612f4d52 			; <UNDEFINED> instruction: 0x612f4d52
  5c:	392d6d72 	pushcc	{r1, r4, r5, r6, r8, sl, fp, sp, lr}
  60:	6172622d 	cmnvs	r2, sp, lsr #4
  64:	2068636e 	rsbcs	r6, r8, lr, ror #6
  68:	69766572 	ldmdbvs	r6!, {r1, r4, r5, r6, r8, sl, sp, lr}^
  6c:	6e6f6973 			; <UNDEFINED> instruction: 0x6e6f6973
  70:	37373220 	ldrcc	r3, [r7, -r0, lsr #4]!
  74:	5d393935 			; <UNDEFINED> instruction: 0x5d393935
	...

Disassembly of section .ARM.attributes:

00000000 <.ARM.attributes>:
   0:	00002a41 	andeq	r2, r0, r1, asr #20
   4:	61656100 	cmnvs	r5, r0, lsl #2
   8:	01006962 	tsteq	r0, r2, ror #18
   c:	00000020 	andeq	r0, r0, r0, lsr #32
  10:	4d2d3605 	stcmi	6, cr3, [sp, #-20]!	; 0xffffffec
  14:	070b0600 	streq	r0, [fp, -r0, lsl #12]
  18:	1201094d 	andne	r0, r1, #1261568	; 0x134000
  1c:	15011404 	strne	r1, [r1, #-1028]	; 0xfffffbfc
  20:	18031701 	stmdane	r3, {r0, r8, r9, sl, ip}
  24:	1a011901 	bne	46430 <startup-0x1ffb9bd0>
  28:	Address 0x0000000000000028 is out of bounds.


Disassembly of section .debug_frame:

00000000 <.debug_frame>:
   0:	0000000c 	andeq	r0, r0, ip
   4:	ffffffff 			; <UNDEFINED> instruction: 0xffffffff
   8:	7c020001 	stcvc	0, cr0, [r2], {1}
   c:	000d0c0e 	andeq	r0, sp, lr, lsl #24
  10:	0000000c 	andeq	r0, r0, ip
  14:	00000000 	andeq	r0, r0, r0
  18:	20000000 	andcs	r0, r0, r0
  1c:	0000000c 	andeq	r0, r0, ip
  20:	0000001c 	andeq	r0, r0, ip, lsl r0
  24:	00000000 	andeq	r0, r0, r0
  28:	20000010 	andcs	r0, r0, r0, lsl r0
  2c:	000000d0 	ldrdeq	r0, [r0], -r0	; <UNPREDICTABLE>
  30:	87080e41 	strhi	r0, [r8, -r1, asr #28]
  34:	41018e02 	tstmi	r1, r2, lsl #28
  38:	0d41100e 	stcleq	0, cr1, [r1, #-56]	; 0xffffffc8
  3c:	00000007 	andeq	r0, r0, r7
