This is pdfTeX, Version 3.141592653-2.6-1.40.22 (TeX Live 2021) (preloaded format=pdflatex 2022.1.24)  14 FEB 2022 16:21
entering extended mode
 restricted \write18 enabled.
 %&-line parsing enabled.
**main.tex
(./main.tex
LaTeX2e <2020-10-01> patch level 4
L3 programming layer <2021-02-18>
(/usr/local/texlive/2021basic/texmf-dist/tex/latex/base/article.cls
Document Class: article 2020/04/10 v1.4m Standard LaTeX document class
(/usr/local/texlive/2021basic/texmf-dist/tex/latex/base/size10.clo
File: size10.clo 2020/04/10 v1.4m Standard LaTeX file (size option)
)
\c@part=\count179
\c@section=\count180
\c@subsection=\count181
\c@subsubsection=\count182
\c@paragraph=\count183
\c@subparagraph=\count184
\c@figure=\count185
\c@table=\count186
\abovecaptionskip=\skip47
\belowcaptionskip=\skip48
\bibindent=\dimen138
)
(/usr/local/texlive/2021basic/texmf-dist/tex/latex/graphics/graphicx.sty
Package: graphicx 2020/09/09 v1.2b Enhanced LaTeX Graphics (DPC,SPQR)

(/usr/local/texlive/2021basic/texmf-dist/tex/latex/graphics/keyval.sty
Package: keyval 2014/10/28 v1.15 key=value parser (DPC)
\KV@toks@=\toks15
)
(/usr/local/texlive/2021basic/texmf-dist/tex/latex/graphics/graphics.sty
Package: graphics 2020/08/30 v1.4c Standard LaTeX Graphics (DPC,SPQR)

(/usr/local/texlive/2021basic/texmf-dist/tex/latex/graphics/trig.sty
Package: trig 2016/01/03 v1.10 sin cos tan (DPC)
)
(/usr/local/texlive/2021basic/texmf-dist/tex/latex/graphics-cfg/graphics.cfg
File: graphics.cfg 2016/06/04 v1.11 sample graphics configuration
)
Package graphics Info: Driver file: pdftex.def on input line 105.

(/usr/local/texlive/2021basic/texmf-dist/tex/latex/graphics-def/pdftex.def
File: pdftex.def 2020/10/05 v1.2a Graphics/color driver for pdftex
))
\Gin@req@height=\dimen139
\Gin@req@width=\dimen140
)
(/usr/local/texlive/2021basic/texmf-dist/tex/latex/amsmath/amsmath.sty
Package: amsmath 2020/09/23 v2.17i AMS math features
\@mathmargin=\skip49

For additional information on amsmath, use the `?' option.
(/usr/local/texlive/2021basic/texmf-dist/tex/latex/amsmath/amstext.sty
Package: amstext 2000/06/29 v2.01 AMS text

(/usr/local/texlive/2021basic/texmf-dist/tex/latex/amsmath/amsgen.sty
File: amsgen.sty 1999/11/30 v2.0 generic functions
\@emptytoks=\toks16
\ex@=\dimen141
))
(/usr/local/texlive/2021basic/texmf-dist/tex/latex/amsmath/amsbsy.sty
Package: amsbsy 1999/11/29 v1.2d Bold Symbols
\pmbraise@=\dimen142
)
(/usr/local/texlive/2021basic/texmf-dist/tex/latex/amsmath/amsopn.sty
Package: amsopn 2016/03/08 v2.02 operator names
)
\inf@bad=\count187
LaTeX Info: Redefining \frac on input line 234.
\uproot@=\count188
\leftroot@=\count189
LaTeX Info: Redefining \overline on input line 399.
\classnum@=\count190
\DOTSCASE@=\count191
LaTeX Info: Redefining \ldots on input line 496.
LaTeX Info: Redefining \dots on input line 499.
LaTeX Info: Redefining \cdots on input line 620.
\Mathstrutbox@=\box47
\strutbox@=\box48
\big@size=\dimen143
LaTeX Font Info:    Redeclaring font encoding OML on input line 743.
LaTeX Font Info:    Redeclaring font encoding OMS on input line 744.
\macc@depth=\count192
\c@MaxMatrixCols=\count193
\dotsspace@=\muskip16
\c@parentequation=\count194
\dspbrk@lvl=\count195
\tag@help=\toks17
\row@=\count196
\column@=\count197
\maxfields@=\count198
\andhelp@=\toks18
\eqnshift@=\dimen144
\alignsep@=\dimen145
\tagshift@=\dimen146
\tagwidth@=\dimen147
\totwidth@=\dimen148
\lineht@=\dimen149
\@envbody=\toks19
\multlinegap=\skip50
\multlinetaggap=\skip51
\mathdisplay@stack=\toks20
LaTeX Info: Redefining \[ on input line 2923.
LaTeX Info: Redefining \] on input line 2924.
)
(/usr/local/texlive/2021basic/texmf-dist/tex/latex/l3backend/l3backend-pdftex.d
ef
File: l3backend-pdftex.def 2021-03-18 L3 backend support: PDF output (pdfTeX)
\l__color_backend_stack_int=\count199
\l__pdf_internal_box=\box49
) (./main.aux)
\openout1 = `main.aux'.

LaTeX Font Info:    Checking defaults for OML/cmm/m/it on input line 11.
LaTeX Font Info:    ... okay on input line 11.
LaTeX Font Info:    Checking defaults for OMS/cmsy/m/n on input line 11.
LaTeX Font Info:    ... okay on input line 11.
LaTeX Font Info:    Checking defaults for OT1/cmr/m/n on input line 11.
LaTeX Font Info:    ... okay on input line 11.
LaTeX Font Info:    Checking defaults for T1/cmr/m/n on input line 11.
LaTeX Font Info:    ... okay on input line 11.
LaTeX Font Info:    Checking defaults for TS1/cmr/m/n on input line 11.
LaTeX Font Info:    ... okay on input line 11.
LaTeX Font Info:    Checking defaults for OMX/cmex/m/n on input line 11.
LaTeX Font Info:    ... okay on input line 11.
LaTeX Font Info:    Checking defaults for U/cmr/m/n on input line 11.
LaTeX Font Info:    ... okay on input line 11.

(/usr/local/texlive/2021basic/texmf-dist/tex/context/base/mkii/supp-pdf.mkii
[Loading MPS to PDF converter (version 2006.09.02).]
\scratchcounter=\count266
\scratchdimen=\dimen150
\scratchbox=\box50
\nofMPsegments=\count267
\nofMParguments=\count268
\everyMPshowfont=\toks21
\MPscratchCnt=\count269
\MPscratchDim=\dimen151
\MPnumerator=\count270
\makeMPintoPDFobject=\count271
\everyMPtoPDFconversion=\toks22
)
(/usr/local/texlive/2021basic/texmf-dist/tex/latex/epstopdf-pkg/epstopdf-base.s
ty
Package: epstopdf-base 2020-01-24 v2.11 Base part for package epstopdf
 (/usr/local/texlive/2021basic/texmf-dist/tex/generic/infwarerr/infwarerr.sty
Package: infwarerr 2019/12/03 v1.5 Providing info/warning/error messages (HO)
) (/usr/local/texlive/2021basic/texmf-dist/tex/latex/grfext/grfext.sty
Package: grfext 2019/12/03 v1.3 Manage graphics extensions (HO)

(/usr/local/texlive/2021basic/texmf-dist/tex/generic/kvdefinekeys/kvdefinekeys.
sty
Package: kvdefinekeys 2019-12-19 v1.6 Define keys (HO)
))
(/usr/local/texlive/2021basic/texmf-dist/tex/latex/kvoptions/kvoptions.sty
Package: kvoptions 2020-10-07 v3.14 Key value format for package options (HO)

(/usr/local/texlive/2021basic/texmf-dist/tex/generic/ltxcmds/ltxcmds.sty
Package: ltxcmds 2020-05-10 v1.25 LaTeX kernel commands for general use (HO)
)
(/usr/local/texlive/2021basic/texmf-dist/tex/generic/kvsetkeys/kvsetkeys.sty
Package: kvsetkeys 2019/12/15 v1.18 Key value parser (HO)
))
(/usr/local/texlive/2021basic/texmf-dist/tex/generic/pdftexcmds/pdftexcmds.sty
Package: pdftexcmds 2020-06-27 v0.33 Utility functions of pdfTeX for LuaTeX (HO
)

(/usr/local/texlive/2021basic/texmf-dist/tex/generic/iftex/iftex.sty
Package: iftex 2020/03/06 v1.0d TeX engine tests
)
Package pdftexcmds Info: \pdf@primitive is available.
Package pdftexcmds Info: \pdf@ifprimitive is available.
Package pdftexcmds Info: \pdfdraftmode found.
)
Package epstopdf-base Info: Redefining graphics rule for `.eps' on input line 4
85.
Package grfext Info: Graphics extension search list:
(grfext)             [.pdf,.png,.jpg,.mps,.jpeg,.jbig2,.jb2,.PDF,.PNG,.JPG,.JPE
G,.JBIG2,.JB2,.eps]
(grfext)             \AppendGraphicsExtensions on input line 504.

(/usr/local/texlive/2021basic/texmf-dist/tex/latex/latexconfig/epstopdf-sys.cfg
File: epstopdf-sys.cfg 2010/07/13 v1.3 Configuration of (r)epstopdf for TeX Liv
e
)) (./main.toc [1

{/usr/local/texlive/2021basic/texmf-var/fonts/map/pdftex/updmap/pdftex.map}])
\tf@toc=\write3
\openout3 = `main.toc'.

 [2] (./chapters/chapter_1.tex
(./exercises/chapter_1/uppg1_1.tex
<./images//uppg1_1.png, id=16, 232.87pt x 363.3575pt>
File: ./images//uppg1_1.png Graphic file (type png)
<use ./images//uppg1_1.png>
Package pdftex.def Info: ./images//uppg1_1.png  used on input line 2.
(pdftex.def)             Requested size: 93.14633pt x 145.34041pt.
<./images//uppg1_1_a.png, id=18, 330.23375pt x 229.85875pt>
File: ./images//uppg1_1_a.png Graphic file (type png)
<use ./images//uppg1_1_a.png>
Package pdftex.def Info: ./images//uppg1_1_a.png  used on input line 6.
(pdftex.def)             Requested size: 132.09114pt x 91.94186pt.
<./images//uppg1_1_b.png, id=19, 264.99pt x 297.11pt>
File: ./images//uppg1_1_b.png Graphic file (type png)
<use ./images//uppg1_1_b.png>
Package pdftex.def Info: ./images//uppg1_1_b.png  used on input line 9.
(pdftex.def)             Requested size: 105.99411pt x 118.84189pt.
 [3 <./images//uppg1_1.png> <./images//uppg1_1_a.png> <./images//uppg1_1_b.png>
]) (./exercises/chapter_1/uppg1_2.tex
Underfull \hbox (badness 10000) in paragraph at lines 2--9

 []


Overfull \hbox (44.59048pt too wide) in paragraph at lines 49--89
\OMS/cmsy/m/n/10 jj\OML/cmm/m/it/10 v[]\OMS/cmsy/m/n/10 jj \OT1/cmr/m/n/10 = []
 = [] = [] =
 []


Overfull \hbox (16.42636pt too wide) in paragraph at lines 49--89
[]\OT1/cmr/m/n/10 (\OML/cmm/m/it/10 ^^R\OT1/cmr/m/n/10 ) = [] = [] = [] = [] =
 []

) (./exercises/chapter_1/uppg1_3.tex
<./images//uppg1_3.png, id=28, 184.69pt x 113.42375pt>
File: ./images//uppg1_3.png Graphic file (type png)
<use ./images//uppg1_3.png>
Package pdftex.def Info: ./images//uppg1_3.png  used on input line 2.
(pdftex.def)             Requested size: 110.81483pt x 68.05476pt.
 [4]) (./exercises/chapter_1/uppg1_4.tex
Overfull \hbox (13.73553pt too wide) in paragraph at lines 29--38
[]$\OMS/cmsy/m/n/10 jj\OT1/cmr/m/n/10 3\OML/cmm/m/it/10 u \OT1/cmr/m/n/10 + 4\O
ML/cmm/m/it/10 v\OMS/cmsy/m/n/10 jj \OT1/cmr/m/n/10 = [] = [] =
 []


Overfull \hbox (12.60486pt too wide) in paragraph at lines 29--38
[] \OT1/cmr/m/n/10 = [] =
 []

) (./exercises/chapter_1/uppg1_5.tex) (./exercises/chapter_1/uppg1_6.tex)
(./exercises/chapter_1/uppg1_7.tex [5 <./images//uppg1_3.png>])
(./exercises/chapter_1/uppg1_8.tex) (./exercises/chapter_1/uppg1_9.tex)
(./exercises/chapter_1/uppg1_10.tex [6]) (./exercises/chapter_1/uppg1_11.tex)
(./exercises/chapter_1/uppg1_12.tex [7]) (./exercises/chapter_1/uppg1_13.tex)
(./exercises/chapter_1/uppg1_14.tex) (./exercises/chapter_1/uppg1_15.tex)
(./exercises/chapter_1/uppg1_16.tex
Overfull \hbox (14.14772pt too wide) in paragraph at lines 41--65
[]$\OMS/cmsy/m/n/10 jj\OML/cmm/m/it/10 v \OMS/cmsy/m/n/10 ^^B \OML/cmm/m/it/10 
w\OMS/cmsy/m/n/10 jj \OT1/cmr/m/n/10 = 3 \OMS/cmsy/m/n/10 ^^C jj [] jj \OT1/cmr
/m/n/10 = 3 \OMS/cmsy/m/n/10 ^^C [] \OT1/cmr/m/n/10 = 3[] = 3[] =
 []

[8]) (./exercises/chapter_1/uppg1_17.tex
Overfull \hbox (50.37585pt too wide) in paragraph at lines 2--51
$\OML/cmm/m/it/10 L\OT1/cmr/m/n/10 1 : []  \OML/cmm/m/it/10 L\OT1/cmr/m/n/10 2 
: []  \OML/cmm/m/it/10 L\OT1/cmr/m/n/10 3 : []  \OML/cmm/m/it/10 L\OT1/cmr/m/n/
10 4 : [] [] 
 []

) (./exercises/chapter_1/uppg1_18.tex [9]) (./exercises/chapter_1/uppg1_19.tex)
(./exercises/chapter_1/uppg1_20.tex) (./exercises/chapter_1/uppg1_21.tex)
(./exercises/chapter_1/uppg1_22.tex) (./exercises/chapter_1/uppg1_23.tex)
(./exercises/chapter_1/uppg1_24.tex [10]) (./exercises/chapter_1/uppg1_25.tex)
(./exercises/chapter_1/uppg1_26.tex) (./exercises/chapter_1/uppg1_27.tex
[11]) (./exercises/chapter_1/uppg1_28.tex) (./exercises/chapter_1/uppg1_29.tex)
) (./chapters/chapter_2.tex (./exercises/chapter_2/uppg2_1.tex [12])
(./exercises/chapter_2/uppg2_2.tex) (./exercises/chapter_2/uppg2_3.tex)
(./exercises/chapter_2/uppg2_4.tex) (./exercises/chapter_2/uppg2_5.tex)
(./exercises/chapter_2/uppg2_6.tex [13]) (./exercises/chapter_2/uppg2_7.tex))
(./chapters/chapter_3.tex) (./chapters/chapter_4.tex) (./chapters/chapter_5.tex
) (./chapters/chapter_6.tex) (./chapters/chapter_7.tex)
(./chapters/chapter_8.tex) (./chapters/chapter_9.tex) [14] (./main.aux) ) 
Here is how much of TeX's memory you used:
 2539 strings out of 480445
 39391 string characters out of 5892391
 344682 words of memory out of 5000000
 19658 multiletter control sequences out of 15000+600000
 409652 words of font info for 49 fonts, out of 8000000 for 9000
 319 hyphenation exceptions out of 8191
 72i,9n,78p,209b,191s stack positions out of 5000i,500n,10000p,200000b,80000s
</usr/
local/texlive/2021basic/texmf-dist/fonts/type1/public/amsfonts/cm/cmbx10.pfb></
usr/local/texlive/2021basic/texmf-dist/fonts/type1/public/amsfonts/cm/cmbx12.pf
b></usr/local/texlive/2021basic/texmf-dist/fonts/type1/public/amsfonts/cm/cmex1
0.pfb></usr/local/texlive/2021basic/texmf-dist/fonts/type1/public/amsfonts/cm/c
mmi10.pfb></usr/local/texlive/2021basic/texmf-dist/fonts/type1/public/amsfonts/
cm/cmmi12.pfb></usr/local/texlive/2021basic/texmf-dist/fonts/type1/public/amsfo
nts/cm/cmmi5.pfb></usr/local/texlive/2021basic/texmf-dist/fonts/type1/public/am
sfonts/cm/cmmi7.pfb></usr/local/texlive/2021basic/texmf-dist/fonts/type1/public
/amsfonts/cm/cmr10.pfb></usr/local/texlive/2021basic/texmf-dist/fonts/type1/pub
lic/amsfonts/cm/cmr12.pfb></usr/local/texlive/2021basic/texmf-dist/fonts/type1/
public/amsfonts/cm/cmr17.pfb></usr/local/texlive/2021basic/texmf-dist/fonts/typ
e1/public/amsfonts/cm/cmr5.pfb></usr/local/texlive/2021basic/texmf-dist/fonts/t
ype1/public/amsfonts/cm/cmr7.pfb></usr/local/texlive/2021basic/texmf-dist/fonts
/type1/public/amsfonts/cm/cmsy10.pfb></usr/local/texlive/2021basic/texmf-dist/f
onts/type1/public/amsfonts/cm/cmsy7.pfb>
Output written on main.pdf (14 pages, 320818 bytes).
PDF statistics:
 115 PDF objects out of 1000 (max. 8388607)
 76 compressed objects within 1 object stream
 0 named destinations out of 1000 (max. 500000)
 21 words of extra memory for PDF output out of 10000 (max. 10000000)

