
intro.elf:     file format elf32-littlearm


Disassembly of section .text:

20000000 <start>:
start:	mov 	r0, #89
20000000:	2059      	movs	r0, #89	; 0x59
	mov 	r1, #166
20000002:	21a6      	movs	r1, #166	; 0xa6
	mov 	r2, #133
20000004:	2285      	movs	r2, #133	; 0x85
	sbc 	r2, r2, r1
20000006:	418a      	sbcs	r2, r1
	add 	r2, r2, r1
20000008:	1852      	adds	r2, r2, r1
	orr 	r0, r0, r2
2000000a:	4310      	orrs	r0, r2
	mul 	r2, r2, r1
2000000c:	434a      	muls	r2, r1
	adc 	r1, r1, r0
2000000e:	4141      	adcs	r1, r0
	sub 	r0, r0, r1
20000010:	1a40      	subs	r0, r0, r1
	orr 	r0, r0, r2
20000012:	4310      	orrs	r0, r2
	adc 	r1, r1, r0
20000014:	4141      	adcs	r1, r0
	sbc 	r0, r0, r1
20000016:	4188      	sbcs	r0, r1
	sub 	r0, r0, r0
20000018:	1a00      	subs	r0, r0, r0
	eor 	r0, r0
2000001a:	4040      	eors	r0, r0
	eor 	r0, r1
2000001c:	4048      	eors	r0, r1
	eor 	r0, r2
2000001e:	4050      	eors	r0, r2
	ldr 	r1, =0x000000FF
20000020:	4901      	ldr	r1, [pc, #4]	; (20000028 <end+0x4>)
	and 	r0, r1
20000022:	4008      	ands	r0, r1

20000024 <end>:
end: 	b 	end
20000024:	e7fe      	b.n	20000024 <end>
20000026:	0000      	.short	0x0000
20000028:	000000ff 	.word	0x000000ff