
uppg2_5.elf:     file format elf32-littlearm


Disassembly of section .text:

20000000 <start>:
start:
	LDR	R6,=0x55555555
20000000:	4e05      	ldr	r6, [pc, #20]	; (20000018 <main+0xa>)
	LDR	R5,=0x40020C00
20000002:	4d06      	ldr	r5, [pc, #24]	; (2000001c <main+0xe>)
	STR	R6,[R5]
20000004:	602e      	str	r6, [r5, #0]
	LDR	R5,=0x40020C14
20000006:	4d06      	ldr	r5, [pc, #24]	; (20000020 <main+0x12>)
	LDR	R6,=0x40021010
20000008:	4e06      	ldr	r6, [pc, #24]	; (20000024 <main+0x16>)
	LDR	R2,=1
2000000a:	4a07      	ldr	r2, [pc, #28]	; (20000028 <main+0x1a>)
	LDR	R3,=0
2000000c:	4b07      	ldr	r3, [pc, #28]	; (2000002c <main+0x1e>)

2000000e <main>:
main:
	LDRSB	R0,[R6,R3]
2000000e:	56f0      	ldrsb	r0, [r6, r3]
	LDRSB	R1,[R6,R2]
20000010:	56b1      	ldrsb	r1, [r6, r2]
	ADD	R0,R0,R1
20000012:	1840      	adds	r0, r0, r1
	STRH	R0,[R5]
20000014:	8028      	strh	r0, [r5, #0]
	B	main
20000016:	e7fa      	b.n	2000000e <main>
20000018:	55555555 	.word	0x55555555
2000001c:	40020c00 	.word	0x40020c00
20000020:	40020c14 	.word	0x40020c14
20000024:	40021010 	.word	0x40021010
20000028:	00000001 	.word	0x00000001
2000002c:	00000000 	.word	0x00000000