QAflisp - FLISP Absolute crossassembler, Version 1.1
(c) GMV 1989-2020


File: DisplaySegE.lst
                        1. ;	Set I/O variables
FC                      2. DIPSWITCH:	EQU	$FC
FB                      3. SEGMENT7:	EQU	$FB
                        4. 
                        5. ;	Init data variables
00                      6. 		ORG	$0
00 3F 06 5B 4F 66 6D    7. seg_table:	FCB	$3F,$06,$5B,$4F,$66,$6D,$7D,$07,$7F,$6F
     7D 07 7F 6F      
0A 79                   8. SEG_ERROR:	FCB	$79
                        9. 
                       10. ;	Load seg_table start adress
20                     11. 		ORG	$20
20 90 00               12. DisplaySegE:	LDX	#seg_table
                       13. 
                       14. ;	Load DIPSWITCH value and compare
22 F1 FC               15. DisplaySegE_1:	LDA	DIPSWITCH
24 97 0A               16. 		CMPA	#$0A
26 28 04               17. 		BCS	DisplaySegE_2
                       18. 
                       19. ;	If A is not less than 10, do:
28 F1 0A               20. 		LDA	SEG_ERROR
2A 33 2D               21. 		JMP	DisplaySegE_3
                       22. 
                       23. ;	If A is less than 10, do:
2C F4                  24. DisplaySegE_2:	LDA	A,X
                       25. 
                       26. ;	Display on SEGMENT7 and loop
2D E1 FB               27. DisplaySegE_3:	STA	SEGMENT7
2F 33 22               28. 		JMP	DisplaySegE_1
                       29. 
                       30. ;	Set reset vector
FF                     31. 		ORG	$FF
FF 20                  32. 		FCB	$20